<?xml version="1.0" encoding="UTF-8"?>
<testng-results ignored="0" total="1" passed="1" failed="0" skipped="0">
  <reporter-output>
  </reporter-output>
  <suite started-at="2022-05-01T17:03:39Z" name="Surefire suite" finished-at="2022-05-01T17:04:05Z" duration-ms="26725">
    <groups>
    </groups>
    <test started-at="2022-05-01T17:03:39Z" name="Surefire test" finished-at="2022-05-01T17:04:05Z" duration-ms="26725">
      <class name="com.herokuapp.theinternet.PositiveTest">
        <test-method signature="FirefoxTest()[pri:0, instance:com.herokuapp.theinternet.PositiveTest@23fe1d71]" started-at="2022-05-01T17:03:39Z" name="FirefoxTest" finished-at="2022-05-01T17:04:05Z" duration-ms="26661" status="PASS">
          <reporter-output>
          </reporter-output>
        </test-method> <!-- FirefoxTest -->
      </class> <!-- com.herokuapp.theinternet.PositiveTest -->
    </test> <!-- Surefire test -->
  </suite> <!-- Surefire suite -->
</testng-results>
